running egg_info
creating ../../build/bci_controller/bci_controller.egg-info
writing ../../build/bci_controller/bci_controller.egg-info/PKG-INFO
writing dependency_links to ../../build/bci_controller/bci_controller.egg-info/dependency_links.txt
writing requirements to ../../build/bci_controller/bci_controller.egg-info/requires.txt
writing top-level names to ../../build/bci_controller/bci_controller.egg-info/top_level.txt
writing manifest file '../../build/bci_controller/bci_controller.egg-info/SOURCES.txt'
reading manifest file '../../build/bci_controller/bci_controller.egg-info/SOURCES.txt'
writing manifest file '../../build/bci_controller/bci_controller.egg-info/SOURCES.txt'
running build
running build_py
creating /home/abdelsalam/Hybrid-Adaptive-BCI-ROS2/ws/build/bci_controller/build
creating /home/abdelsalam/Hybrid-Adaptive-BCI-ROS2/ws/build/bci_controller/build/lib
creating /home/abdelsalam/Hybrid-Adaptive-BCI-ROS2/ws/build/bci_controller/build/lib/bci_controller
copying bci_controller/__init__.py -> /home/abdelsalam/Hybrid-Adaptive-BCI-ROS2/ws/build/bci_controller/build/lib/bci_controller
running install
running install_lib
creating /home/abdelsalam/Hybrid-Adaptive-BCI-ROS2/ws/install/bci_controller/lib/python3.12/site-packages/bci_controller
copying /home/abdelsalam/Hybrid-Adaptive-BCI-ROS2/ws/build/bci_controller/build/lib/bci_controller/__init__.py -> /home/abdelsalam/Hybrid-Adaptive-BCI-ROS2/ws/install/bci_controller/lib/python3.12/site-packages/bci_controller
byte-compiling /home/abdelsalam/Hybrid-Adaptive-BCI-ROS2/ws/install/bci_controller/lib/python3.12/site-packages/bci_controller/__init__.py to __init__.cpython-312.pyc
running install_data
creating /home/abdelsalam/Hybrid-Adaptive-BCI-ROS2/ws/install/bci_controller/share/ament_index
creating /home/abdelsalam/Hybrid-Adaptive-BCI-ROS2/ws/install/bci_controller/share/ament_index/resource_index
creating /home/abdelsalam/Hybrid-Adaptive-BCI-ROS2/ws/install/bci_controller/share/ament_index/resource_index/packages
copying resource/bci_controller -> /home/abdelsalam/Hybrid-Adaptive-BCI-ROS2/ws/install/bci_controller/share/ament_index/resource_index/packages
copying package.xml -> /home/abdelsalam/Hybrid-Adaptive-BCI-ROS2/ws/install/bci_controller/share/bci_controller
running install_egg_info
Copying ../../build/bci_controller/bci_controller.egg-info to /home/abdelsalam/Hybrid-Adaptive-BCI-ROS2/ws/install/bci_controller/lib/python3.12/site-packages/bci_controller-0.0.0-py3.12.egg-info
running install_scripts
writing list of installed files to '/home/abdelsalam/Hybrid-Adaptive-BCI-ROS2/ws/build/bci_controller/install.log'
