[0.333s] Invoking command in '/home/abdelsalam/Hybrid-Adaptive-BCI-ROS2/ws/src/bci_controller': DEBUGINFOD_URLS=https://debuginfod.ubuntu.com PYTHONPATH=/home/abdelsalam/Hybrid-Adaptive-BCI-ROS2/ws/build/bci_controller/prefix_override:/usr/lib/python3/dist-packages/colcon_core/task/python/colcon_distutils_commands:/home/abdelsalam/Hybrid-Adaptive-BCI-ROS2/ws/install/bci_controller/lib/python3.12/site-packages:${PYTHONPATH} /usr/bin/python3 -W ignore:setup.py install is deprecated -W ignore:easy_install command is deprecated setup.py egg_info --egg-base ../../build/bci_controller build --build-base /home/abdelsalam/Hybrid-Adaptive-BCI-ROS2/ws/build/bci_controller/build install --record /home/abdelsalam/Hybrid-Adaptive-BCI-ROS2/ws/build/bci_controller/install.log --install-scripts $base/lib/bci_controller --single-version-externally-managed install_data
[0.411s] running egg_info
[0.411s] creating ../../build/bci_controller/bci_controller.egg-info
[0.415s] writing ../../build/bci_controller/bci_controller.egg-info/PKG-INFO
[0.415s] writing dependency_links to ../../build/bci_controller/bci_controller.egg-info/dependency_links.txt
[0.416s] writing requirements to ../../build/bci_controller/bci_controller.egg-info/requires.txt
[0.416s] writing top-level names to ../../build/bci_controller/bci_controller.egg-info/top_level.txt
[0.416s] writing manifest file '../../build/bci_controller/bci_controller.egg-info/SOURCES.txt'
[0.425s] reading manifest file '../../build/bci_controller/bci_controller.egg-info/SOURCES.txt'
[0.425s] writing manifest file '../../build/bci_controller/bci_controller.egg-info/SOURCES.txt'
[0.426s] running build
[0.426s] running build_py
[0.426s] creating /home/abdelsalam/Hybrid-Adaptive-BCI-ROS2/ws/build/bci_controller/build
[0.426s] creating /home/abdelsalam/Hybrid-Adaptive-BCI-ROS2/ws/build/bci_controller/build/lib
[0.426s] creating /home/abdelsalam/Hybrid-Adaptive-BCI-ROS2/ws/build/bci_controller/build/lib/bci_controller
[0.426s] copying bci_controller/__init__.py -> /home/abdelsalam/Hybrid-Adaptive-BCI-ROS2/ws/build/bci_controller/build/lib/bci_controller
[0.426s] running install
[0.428s] running install_lib
[0.433s] creating /home/abdelsalam/Hybrid-Adaptive-BCI-ROS2/ws/install/bci_controller/lib/python3.12/site-packages/bci_controller
[0.433s] copying /home/abdelsalam/Hybrid-Adaptive-BCI-ROS2/ws/build/bci_controller/build/lib/bci_controller/__init__.py -> /home/abdelsalam/Hybrid-Adaptive-BCI-ROS2/ws/install/bci_controller/lib/python3.12/site-packages/bci_controller
[0.433s] byte-compiling /home/abdelsalam/Hybrid-Adaptive-BCI-ROS2/ws/install/bci_controller/lib/python3.12/site-packages/bci_controller/__init__.py to __init__.cpython-312.pyc
[0.433s] running install_data
[0.433s] creating /home/abdelsalam/Hybrid-Adaptive-BCI-ROS2/ws/install/bci_controller/share/ament_index
[0.433s] creating /home/abdelsalam/Hybrid-Adaptive-BCI-ROS2/ws/install/bci_controller/share/ament_index/resource_index
[0.433s] creating /home/abdelsalam/Hybrid-Adaptive-BCI-ROS2/ws/install/bci_controller/share/ament_index/resource_index/packages
[0.433s] copying resource/bci_controller -> /home/abdelsalam/Hybrid-Adaptive-BCI-ROS2/ws/install/bci_controller/share/ament_index/resource_index/packages
[0.434s] copying package.xml -> /home/abdelsalam/Hybrid-Adaptive-BCI-ROS2/ws/install/bci_controller/share/bci_controller
[0.434s] running install_egg_info
[0.439s] Copying ../../build/bci_controller/bci_controller.egg-info to /home/abdelsalam/Hybrid-Adaptive-BCI-ROS2/ws/install/bci_controller/lib/python3.12/site-packages/bci_controller-0.0.0-py3.12.egg-info
[0.439s] running install_scripts
[0.477s] writing list of installed files to '/home/abdelsalam/Hybrid-Adaptive-BCI-ROS2/ws/build/bci_controller/install.log'
[0.488s] Invoked command in '/home/abdelsalam/Hybrid-Adaptive-BCI-ROS2/ws/src/bci_controller' returned '0': DEBUGINFOD_URLS=https://debuginfod.ubuntu.com PYTHONPATH=/home/abdelsalam/Hybrid-Adaptive-BCI-ROS2/ws/build/bci_controller/prefix_override:/usr/lib/python3/dist-packages/colcon_core/task/python/colcon_distutils_commands:/home/abdelsalam/Hybrid-Adaptive-BCI-ROS2/ws/install/bci_controller/lib/python3.12/site-packages:${PYTHONPATH} /usr/bin/python3 -W ignore:setup.py install is deprecated -W ignore:easy_install command is deprecated setup.py egg_info --egg-base ../../build/bci_controller build --build-base /home/abdelsalam/Hybrid-Adaptive-BCI-ROS2/ws/build/bci_controller/build install --record /home/abdelsalam/Hybrid-Adaptive-BCI-ROS2/ws/build/bci_controller/install.log --install-scripts $base/lib/bci_controller --single-version-externally-managed install_data
